Determining if the pthread_create exist failed with the following output:
Change Dir: /home/saurav/HW3/cpp-boilerplate/CMakeFiles/CMakeTmp

Run Build Command:"/usr/bin/make" "cmTC_05aa8/fast"
/usr/bin/make -f CMakeFiles/cmTC_05aa8.dir/build.make CMakeFiles/cmTC_05aa8.dir/build
make[1]: Entering directory '/home/saurav/HW3/cpp-boilerplate/CMakeFiles/CMakeTmp'
Building C object CMakeFiles/cmTC_05aa8.dir/CheckSymbolExists.c.o
/usr/bin/cc    -g -O0 -fprofile-arcs -ftest-coverage    -o CMakeFiles/cmTC_05aa8.dir/CheckSymbolExists.c.o   -c /home/saurav/HW3/cpp-boilerplate/CMakeFiles/CMakeTmp/CheckSymbolExists.c
Linking C executable cmTC_05aa8
/usr/bin/cmake -E cmake_link_script CMakeFiles/cmTC_05aa8.dir/link.txt --verbose=1
/usr/bin/cc  -g -O0 -fprofile-arcs -ftest-coverage     CMakeFiles/cmTC_05aa8.dir/CheckSymbolExists.c.o  -o cmTC_05aa8 -rdynamic 
CMakeFiles/cmTC_05aa8.dir/CheckSymbolExists.c.o: In function `main':
/home/saurav/HW3/cpp-boilerplate/CMakeFiles/CMakeTmp/CheckSymbolExists.c:8: undefined reference to `pthread_create'
collect2: error: ld returned 1 exit status
CMakeFiles/cmTC_05aa8.dir/build.make:97: recipe for target 'cmTC_05aa8' failed
make[1]: *** [cmTC_05aa8] Error 1
make[1]: Leaving directory '/home/saurav/HW3/cpp-boilerplate/CMakeFiles/CMakeTmp'
Makefile:126: recipe for target 'cmTC_05aa8/fast' failed
make: *** [cmTC_05aa8/fast] Error 2

File /home/saurav/HW3/cpp-boilerplate/CMakeFiles/CMakeTmp/CheckSymbolExists.c:
/* */
#include <pthread.h>

int main(int argc, char** argv)
{
  (void)argv;
#ifndef pthread_create
  return ((int*)(&pthread_create))[argc];
#else
  (void)argc;
  return 0;
#endif
}

Determining if the function pthread_create exists in the pthreads failed with the following output:
Change Dir: /home/saurav/HW3/cpp-boilerplate/CMakeFiles/CMakeTmp

Run Build Command:"/usr/bin/make" "cmTC_92be5/fast"
/usr/bin/make -f CMakeFiles/cmTC_92be5.dir/build.make CMakeFiles/cmTC_92be5.dir/build
make[1]: Entering directory '/home/saurav/HW3/cpp-boilerplate/CMakeFiles/CMakeTmp'
Building C object CMakeFiles/cmTC_92be5.dir/CheckFunctionExists.c.o
/usr/bin/cc    -g -O0 -fprofile-arcs -ftest-coverage -DCHECK_FUNCTION_EXISTS=pthread_create   -o CMakeFiles/cmTC_92be5.dir/CheckFunctionExists.c.o   -c /usr/share/cmake-3.5/Modules/CheckFunctionExists.c
Linking C executable cmTC_92be5
/usr/bin/cmake -E cmake_link_script CMakeFiles/cmTC_92be5.dir/link.txt --verbose=1
/usr/bin/cc  -g -O0 -fprofile-arcs -ftest-coverage -DCHECK_FUNCTION_EXISTS=pthread_create    CMakeFiles/cmTC_92be5.dir/CheckFunctionExists.c.o  -o cmTC_92be5 -rdynamic -lpthreads 
/usr/bin/ld: cannot find -lpthreads
collect2: error: ld returned 1 exit status
CMakeFiles/cmTC_92be5.dir/build.make:97: recipe for target 'cmTC_92be5' failed
make[1]: *** [cmTC_92be5] Error 1
make[1]: Leaving directory '/home/saurav/HW3/cpp-boilerplate/CMakeFiles/CMakeTmp'
Makefile:126: recipe for target 'cmTC_92be5/fast' failed
make: *** [cmTC_92be5/fast] Error 2


